2024-03-27 17:03:52 executed script 10_Voluminizer
2024-03-27 17:03:52 executed on machine TROLL918
2024-03-27 17:03:52 working directory: C:\_DATEN\WORKSPACES\PyCharm\MO-x-IFC\10_Voluminizer
2024-03-27 17:03:52 reading file: c:/_DATEN/WORKSPACES/IntelliJ/MO-x-IFC/examples/SIM2BIM/B_HIL/hil_F.ifc
2024-03-27 17:03:52 adding 3D dummy geometry
2024-03-27 17:03:53 extracting graph from IFC
2024-03-27 17:03:53 Port ohne Vaterelement: #7067=IfcDistributionPort('21qj39oXz5muXBJll4DoP5',$,$,$,$,$,$,$,$,$)
2024-03-27 17:03:53 Element without type: #7366=IfcPump('0vW3mhgXr2U8MR68jc38B$',#10966,'pum_VS_H',$,$,#10965,#11006,$,.CIRCULATOR.)
2024-03-27 17:03:53 Element without type: #7344=IfcHeatExchanger('2uo5ONLjTFBuKwVMeze1KU',#10079,'hex_EH',$,$,#10078,#10119,$,.PLATE.)
2024-03-27 17:03:53 Element without type: #7321=IfcPipeSegment('3dEBbqL3DClfrMiNoufcer',#9182,'dp_VS_1',$,$,#9181,#9217,$,.USERDEFINED.)
2024-03-27 17:03:53 Element without type: #7321=IfcPipeSegment('3dEBbqL3DClfrMiNoufcer',#9182,'dp_VS_1',$,$,#9181,#9217,$,.USERDEFINED.)
2024-03-27 17:03:53 Element without type: #7404=IfcSensor('2k7ryHRz56DhLOyr_X79KN',#12468,'senT_VS_1',$,$,#12467,#12503,$,.TEMPERATURESENSOR.)
2024-03-27 17:03:53 Element without type: #7404=IfcSensor('2k7ryHRz56DhLOyr_X79KN',#12468,'senT_VS_1',$,$,#12467,#12503,$,.TEMPERATURESENSOR.)
2024-03-27 17:03:53 Element without type: #7366=IfcPump('0vW3mhgXr2U8MR68jc38B$',#10966,'pum_VS_H',$,$,#10965,#11006,$,.CIRCULATOR.)
2024-03-27 17:03:53 Element without type: #7366=IfcPump('0vW3mhgXr2U8MR68jc38B$',#10966,'pum_VS_H',$,$,#10965,#11006,$,.CIRCULATOR.)
2024-03-27 17:03:53 Element without type: #7351=IfcPipeFitting('2RyT4fM4f2dOdrj0uWciQz',#10362,'jun_VS_1',$,$,#10361,#10397,$,.JUNCTION.)
2024-03-27 17:03:53 Element without type: #7351=IfcPipeFitting('2RyT4fM4f2dOdrj0uWciQz',#10362,'jun_VS_1',$,$,#10361,#10397,$,.JUNCTION.)
2024-03-27 17:03:53 Element without type: #7330=IfcPipeSegment('0jcdc9ZBr3v8ky22ZruaWr',#9533,'dp_VS_2',$,$,#9532,#9568,$,.USERDEFINED.)
2024-03-27 17:03:53 Element without type: #7330=IfcPipeSegment('0jcdc9ZBr3v8ky22ZruaWr',#9533,'dp_VS_2',$,$,#9532,#9568,$,.USERDEFINED.)
2024-03-27 17:03:53 Element without type: #7412=IfcSensor('3JEbD3BPfDdABIo8PL3cVF',#12780,'senT_VS_2',$,$,#12779,#12815,$,.TEMPERATURESENSOR.)
2024-03-27 17:03:53 Element without type: #7415=IfcSensor('3ls6KEoST8GfjAXf4eacDs',#12897,'senT_VS_3',$,$,#12896,#12932,$,.TEMPERATURESENSOR.)
2024-03-27 17:03:53 Element without type: #7357=IfcPipeFitting('306rh4$EDDthmkEtIRKq5M',#10596,'jun_VS_4_H',$,$,#10595,#10631,$,.JUNCTION.)
2024-03-27 17:03:53 Element without type: #7357=IfcPipeFitting('306rh4$EDDthmkEtIRKq5M',#10596,'jun_VS_4_H',$,$,#10595,#10631,$,.JUNCTION.)
2024-03-27 17:03:53 Element without type: #7358=IfcPipeFitting('2frq8DgrT6GhEN1LZdRmZY',#10635,'jun_VS_5_H',$,$,#10634,#10670,$,.JUNCTION.)
2024-03-27 17:03:53 Element without type: #7351=IfcPipeFitting('2RyT4fM4f2dOdrj0uWciQz',#10362,'jun_VS_1',$,$,#10361,#10397,$,.JUNCTION.)
2024-03-27 17:03:53 Element without type: #7333=IfcPipeSegment('22xF34n0HD7eSeyjjW5fSh',#9650,'dp_VS_3',$,$,#9649,#9685,$,.USERDEFINED.)
2024-03-27 17:03:53 Element without type: #7333=IfcPipeSegment('22xF34n0HD7eSeyjjW5fSh',#9650,'dp_VS_3',$,$,#9649,#9685,$,.USERDEFINED.)
2024-03-27 17:03:53 Element without type: #7415=IfcSensor('3ls6KEoST8GfjAXf4eacDs',#12897,'senT_VS_3',$,$,#12896,#12932,$,.TEMPERATURESENSOR.)
2024-03-27 17:03:53 Element without type: #7412=IfcSensor('3JEbD3BPfDdABIo8PL3cVF',#12780,'senT_VS_2',$,$,#12779,#12815,$,.TEMPERATURESENSOR.)
2024-03-27 17:03:53 Element without type: #7435=IfcTank('1$JuC$f$z6ZP03aUth0fs5',#13675,'tan_WV',$,$,#13674,#13709,$,.STORAGE.)
2024-03-27 17:03:53 Element without type: #7435=IfcTank('1$JuC$f$z6ZP03aUth0fs5',#13675,'tan_WV',$,$,#13674,#13709,$,.STORAGE.)
2024-03-27 17:03:53 Element without type: #7416=IfcSensor('0zVqSrxYr97hod3QnucOtC',#12936,'senT_VS_7',$,$,#12935,#12971,$,.TEMPERATURESENSOR.)
2024-03-27 17:03:53 Element without type: #7344=IfcHeatExchanger('2uo5ONLjTFBuKwVMeze1KU',#10079,'hex_EH',$,$,#10078,#10119,$,.PLATE.)
2024-03-27 17:03:53 Element without type: #7323=IfcPipeSegment('2oQovzhoP2jgqSJiF2RCP4',#9260,'dp_VS_11',$,$,#9259,#9295,$,.USERDEFINED.)
2024-03-27 17:03:53 Element without type: #7323=IfcPipeSegment('2oQovzhoP2jgqSJiF2RCP4',#9260,'dp_VS_11',$,$,#9259,#9295,$,.USERDEFINED.)
2024-03-27 17:03:53 Element without type: #7406=IfcSensor('3QFUpF3vjELB44IcJoPDE1',#12546,'senT_VS_11',$,$,#12545,#12581,$,.TEMPERATURESENSOR.)
2024-03-27 17:03:53 Port ohne Vaterelement: #7196=IfcDistributionPort('0jtbog0B1EvOkfXUuWeSdB',$,$,$,$,$,$,$,$,$)
2024-03-27 17:03:53 Element without type: #7406=IfcSensor('3QFUpF3vjELB44IcJoPDE1',#12546,'senT_VS_11',$,$,#12545,#12581,$,.TEMPERATURESENSOR.)
2024-03-27 17:03:53 Element without type: #7434=IfcTank('1LMXv4lG9EihnWQwQlDY5I',#13637,'tan_S',$,$,#13636,#13671,$,.STORAGE.)
2024-03-27 17:03:53 Element without type: #7406=IfcSensor('3QFUpF3vjELB44IcJoPDE1',#12546,'senT_VS_11',$,$,#12545,#12581,$,.TEMPERATURESENSOR.)
2024-03-27 17:03:53 Element without type: #7329=IfcPipeSegment('3NEjQ4Jc98GuMGxmyHLDRO',#9494,'dp_VS_17',$,$,#9493,#9529,$,.USERDEFINED.)
2024-03-27 17:03:53 Element without type: #7411=IfcSensor('1vndxHrO59iOEvH6EIf_C_',#12741,'senT_VS_17',$,$,#12740,#12776,$,.TEMPERATURESENSOR.)
2024-03-27 17:03:53 Element without type: #7434=IfcTank('1LMXv4lG9EihnWQwQlDY5I',#13637,'tan_S',$,$,#13636,#13671,$,.STORAGE.)
2024-03-27 17:03:53 Element without type: #7411=IfcSensor('1vndxHrO59iOEvH6EIf_C_',#12741,'senT_VS_17',$,$,#12740,#12776,$,.TEMPERATURESENSOR.)
2024-03-27 17:03:53 Port ohne Vaterelement: #7068=IfcDistributionPort('3k63mWFS52pOn2ggJOzjsn',$,$,$,$,$,$,$,$,$)
2024-03-27 17:03:53 Element without type: #7367=IfcPump('3cJRyC6jjAcgbO$NDcmwfO',#11010,'pum_VS_K',$,$,#11009,#11050,$,.CIRCULATOR.)
2024-03-27 17:03:53 Element without type: #7328=IfcPipeSegment('2qXrkIg657Ev_I$X1z52ju',#9455,'dp_VS_16',$,$,#9454,#9490,$,.USERDEFINED.)
2024-03-27 17:03:53 Element without type: #7410=IfcSensor('1FrEfYeVH30BpDkGEbrHSz',#12702,'senT_VS_16',$,$,#12701,#12737,$,.TEMPERATURESENSOR.)
2024-03-27 17:03:53 Port ohne Vaterelement: #7272=IfcDistributionPort('229ExzCuP129M759_iseYx',$,$,$,$,$,$,$,$,$)
2024-03-27 17:03:53 Element without type: #7410=IfcSensor('1FrEfYeVH30BpDkGEbrHSz',#12702,'senT_VS_16',$,$,#12701,#12737,$,.TEMPERATURESENSOR.)
2024-03-27 17:03:53 Port ohne Vaterelement: #7272=IfcDistributionPort('229ExzCuP129M759_iseYx',$,$,$,$,$,$,$,$,$)
2024-03-27 17:03:53 Element without type: #7359=IfcPipeFitting('2ZeU3SuHzEBvn6YD_k6LJY',#10674,'jun_VS_5_H1',$,$,#10673,#10709,$,.JUNCTION.)
2024-03-27 17:03:53 Element without type: #7345=IfcHeatExchanger('21TjTXWw5CShImdxCyctjj',#10123,'hex_EK',$,$,#10122,#10163,$,.PLATE.)
2024-03-27 17:03:53 Element without type: #7328=IfcPipeSegment('2qXrkIg657Ev_I$X1z52ju',#9455,'dp_VS_16',$,$,#9454,#9490,$,.USERDEFINED.)
2024-03-27 17:03:53 Element without type: #7359=IfcPipeFitting('2ZeU3SuHzEBvn6YD_k6LJY',#10674,'jun_VS_5_H1',$,$,#10673,#10709,$,.JUNCTION.)
2024-03-27 17:03:53 Element without type: #7409=IfcSensor('0zfSppwoX9DPEMKZWQzv0n',#12663,'senT_VS_15',$,$,#12662,#12698,$,.TEMPERATURESENSOR.)
2024-03-27 17:03:53 Element without type: #7409=IfcSensor('0zfSppwoX9DPEMKZWQzv0n',#12663,'senT_VS_15',$,$,#12662,#12698,$,.TEMPERATURESENSOR.)
2024-03-27 17:03:53 Element without type: #7367=IfcPump('3cJRyC6jjAcgbO$NDcmwfO',#11010,'pum_VS_K',$,$,#11009,#11050,$,.CIRCULATOR.)
2024-03-27 17:03:53 Element without type: #7367=IfcPump('3cJRyC6jjAcgbO$NDcmwfO',#11010,'pum_VS_K',$,$,#11009,#11050,$,.CIRCULATOR.)
2024-03-27 17:03:53 Element without type: #7327=IfcPipeSegment('1GqAvSrvv64Og6C$rJcuey',#9416,'dp_VS_15',$,$,#9415,#9451,$,.USERDEFINED.)
2024-03-27 17:03:53 Element without type: #7327=IfcPipeSegment('1GqAvSrvv64Og6C$rJcuey',#9416,'dp_VS_15',$,$,#9415,#9451,$,.USERDEFINED.)
2024-03-27 17:03:53 Element without type: #7433=IfcTank('2H9n5o5u11TB8AU24N5PTR',#13599,'tan_KV',$,$,#13598,#13633,$,.STORAGE.)
2024-03-27 17:03:53 Element without type: #7355=IfcPipeFitting('1CK0pEGGT9XeRTbFKxBt$$',#10518,'jun_VS_18',$,$,#10517,#10553,$,.JUNCTION.)
2024-03-27 17:03:53 Element without type: #7356=IfcPipeFitting('3_w3FTOhn2x99ozUXT27Xd',#10557,'jun_VS_19',$,$,#10556,#10592,$,.JUNCTION.)
2024-03-27 17:03:53 Element without type: #7433=IfcTank('2H9n5o5u11TB8AU24N5PTR',#13599,'tan_KV',$,$,#13598,#13633,$,.STORAGE.)
2024-03-27 17:03:53 Element without type: #7331=IfcPipeSegment('2h111GrqbCXwmXxPVoJAIZ',#9572,'dp_VS_21',$,$,#9571,#9607,$,.USERDEFINED.)
2024-03-27 17:03:53 Element without type: #7331=IfcPipeSegment('2h111GrqbCXwmXxPVoJAIZ',#9572,'dp_VS_21',$,$,#9571,#9607,$,.USERDEFINED.)
2024-03-27 17:03:53 Element without type: #7413=IfcSensor('1MAJ$IpmfEXQ_vtfLnO3zh',#12819,'senT_VS_21',$,$,#12818,#12854,$,.TEMPERATURESENSOR.)
2024-03-27 17:03:53 Element without type: #7413=IfcSensor('1MAJ$IpmfEXQ_vtfLnO3zh',#12819,'senT_VS_21',$,$,#12818,#12854,$,.TEMPERATURESENSOR.)
2024-03-27 17:03:53 Element without type: #7355=IfcPipeFitting('1CK0pEGGT9XeRTbFKxBt$$',#10518,'jun_VS_18',$,$,#10517,#10553,$,.JUNCTION.)
2024-03-27 17:03:53 Element without type: #7416=IfcSensor('0zVqSrxYr97hod3QnucOtC',#12936,'senT_VS_7',$,$,#12935,#12971,$,.TEMPERATURESENSOR.)
2024-03-27 17:03:53 Element without type: #7334=IfcPipeSegment('1qPTbZFSr2Nfj_Efkr$9qX',#9689,'dp_VS_7',$,$,#9688,#9724,$,.USERDEFINED.)
2024-03-27 17:03:53 Element without type: #7322=IfcPipeSegment('2A5vESvnH45A1TJOP46men',#9221,'dp_VS_10',$,$,#9220,#9256,$,.USERDEFINED.)
2024-03-27 17:03:53 Element without type: #7405=IfcSensor('2$dN_JwYDCcuvQO2BDwFGm',#12507,'senT_VS_10',$,$,#12506,#12542,$,.TEMPERATURESENSOR.)
2024-03-27 17:03:53 Element without type: #7405=IfcSensor('2$dN_JwYDCcuvQO2BDwFGm',#12507,'senT_VS_10',$,$,#12506,#12542,$,.TEMPERATURESENSOR.)
2024-03-27 17:03:53 Element without type: #7434=IfcTank('1LMXv4lG9EihnWQwQlDY5I',#13637,'tan_S',$,$,#13636,#13671,$,.STORAGE.)
2024-03-27 17:03:53 Element without type: #7326=IfcPipeSegment('3zsw2Kow97JBeYSzqHcHqR',#9377,'dp_VS_14',$,$,#9376,#9412,$,.USERDEFINED.)
2024-03-27 17:03:53 Element without type: #7408=IfcSensor('38i1$kODz8nB2IAMvjtFSC',#12624,'senT_VS_14',$,$,#12623,#12659,$,.TEMPERATURESENSOR.)
2024-03-27 17:03:53 Element without type: #7434=IfcTank('1LMXv4lG9EihnWQwQlDY5I',#13637,'tan_S',$,$,#13636,#13671,$,.STORAGE.)
2024-03-27 17:03:53 Element without type: #7408=IfcSensor('38i1$kODz8nB2IAMvjtFSC',#12624,'senT_VS_14',$,$,#12623,#12659,$,.TEMPERATURESENSOR.)
2024-03-27 17:03:53 Port ohne Vaterelement: #7197=IfcDistributionPort('1k9HTp3nb8P9vkv6wrrDAe',$,$,$,$,$,$,$,$,$)
2024-03-27 17:03:53 Element without type: #7326=IfcPipeSegment('3zsw2Kow97JBeYSzqHcHqR',#9377,'dp_VS_14',$,$,#9376,#9412,$,.USERDEFINED.)
2024-03-27 17:03:53 Element without type: #7433=IfcTank('2H9n5o5u11TB8AU24N5PTR',#13599,'tan_KV',$,$,#13598,#13633,$,.STORAGE.)
2024-03-27 17:03:53 Element without type: #7407=IfcSensor('0Q9n5qwCD1afcTUQOHkOJR',#12585,'senT_VS_13',$,$,#12584,#12620,$,.TEMPERATURESENSOR.)
2024-03-27 17:03:53 Element without type: #7407=IfcSensor('0Q9n5qwCD1afcTUQOHkOJR',#12585,'senT_VS_13',$,$,#12584,#12620,$,.TEMPERATURESENSOR.)
2024-03-27 17:03:53 Element without type: #7325=IfcPipeSegment('0HanrgPML3eujtSo74c5EY',#9338,'dp_VS_13',$,$,#9337,#9373,$,.USERDEFINED.)
2024-03-27 17:03:53 Element without type: #7324=IfcPipeSegment('2ptT8A9mX6lwM01hejhRHs',#9299,'dp_VS_12',$,$,#9298,#9334,$,.USERDEFINED.)
2024-03-27 17:03:53 Element without type: #7353=IfcPipeFitting('1H3HM5M8jELAN1A1FKer1z',#10440,'jun_VS_14',$,$,#10439,#10475,$,.JUNCTION.)
2024-03-27 17:03:53 Element without type: #7325=IfcPipeSegment('0HanrgPML3eujtSo74c5EY',#9338,'dp_VS_13',$,$,#9337,#9373,$,.USERDEFINED.)
2024-03-27 17:03:53 Element without type: #7353=IfcPipeFitting('1H3HM5M8jELAN1A1FKer1z',#10440,'jun_VS_14',$,$,#10439,#10475,$,.JUNCTION.)
2024-03-27 17:03:53 Element without type: #7353=IfcPipeFitting('1H3HM5M8jELAN1A1FKer1z',#10440,'jun_VS_14',$,$,#10439,#10475,$,.JUNCTION.)
2024-03-27 17:03:53 Element without type: #7326=IfcPipeSegment('3zsw2Kow97JBeYSzqHcHqR',#9377,'dp_VS_14',$,$,#9376,#9412,$,.USERDEFINED.)
2024-03-27 17:03:53 Element without type: #7322=IfcPipeSegment('2A5vESvnH45A1TJOP46men',#9221,'dp_VS_10',$,$,#9220,#9256,$,.USERDEFINED.)
2024-03-27 17:03:53 Element without type: #7352=IfcPipeFitting('1u9ffFbRP6weD0oTmYBIfO',#10401,'jun_VS_10',$,$,#10400,#10436,$,.JUNCTION.)
2024-03-27 17:03:53 Element without type: #7360=IfcPipeFitting('1oj6n7Gwv5GRzX1cMC0ZhF',#10713,'jun_VS_78',$,$,#10712,#10748,$,.JUNCTION.)
2024-03-27 17:03:53 Element without type: #7352=IfcPipeFitting('1u9ffFbRP6weD0oTmYBIfO',#10401,'jun_VS_10',$,$,#10400,#10436,$,.JUNCTION.)
2024-03-27 17:03:53 Element without type: #7336=IfcPipeSegment('2Oxo4VjyfD4BaaNscAtMLZ',#9767,'dp_VS_9',$,$,#9766,#9802,$,.USERDEFINED.)
2024-03-27 17:03:53 Element without type: #7352=IfcPipeFitting('1u9ffFbRP6weD0oTmYBIfO',#10401,'jun_VS_10',$,$,#10400,#10436,$,.JUNCTION.)
2024-03-27 17:03:53 Element without type: #7334=IfcPipeSegment('1qPTbZFSr2Nfj_Efkr$9qX',#9689,'dp_VS_7',$,$,#9688,#9724,$,.USERDEFINED.)
2024-03-27 17:03:53 Element without type: #7360=IfcPipeFitting('1oj6n7Gwv5GRzX1cMC0ZhF',#10713,'jun_VS_78',$,$,#10712,#10748,$,.JUNCTION.)
2024-03-27 17:03:53 Element without type: #7335=IfcPipeSegment('1Wgy36wEj68euSG4Le0gQ6',#9728,'dp_VS_8',$,$,#9727,#9763,$,.USERDEFINED.)
2024-03-27 17:03:53 Element without type: #7360=IfcPipeFitting('1oj6n7Gwv5GRzX1cMC0ZhF',#10713,'jun_VS_78',$,$,#10712,#10748,$,.JUNCTION.)
2024-03-27 17:03:53 Element without type: #7361=IfcTank('290MH65oj6B85NFohhSFVR',#10752,'mag_10',$,$,#10751,#10786,$,.EXPANSION.)
2024-03-27 17:03:53 Element without type: #7322=IfcPipeSegment('2A5vESvnH45A1TJOP46men',#9221,'dp_VS_10',$,$,#9220,#9256,$,.USERDEFINED.)
2024-03-27 17:03:53 Element without type: #7354=IfcPipeFitting('0U_3wmM8TC9eaujN_ldsM9',#10479,'jun_VS_17',$,$,#10478,#10514,$,.JUNCTION.)
2024-03-27 17:03:53 Element without type: #7329=IfcPipeSegment('3NEjQ4Jc98GuMGxmyHLDRO',#9494,'dp_VS_17',$,$,#9493,#9529,$,.USERDEFINED.)
2024-03-27 17:03:53 Port ohne Vaterelement: #7198=IfcDistributionPort('2Qe2ok4FHDHxDBmBkXS1Xo',$,$,$,$,$,$,$,$,$)
2024-03-27 17:03:53 Element without type: #7329=IfcPipeSegment('3NEjQ4Jc98GuMGxmyHLDRO',#9494,'dp_VS_17',$,$,#9493,#9529,$,.USERDEFINED.)
2024-03-27 17:03:53 Element without type: #7354=IfcPipeFitting('0U_3wmM8TC9eaujN_ldsM9',#10479,'jun_VS_17',$,$,#10478,#10514,$,.JUNCTION.)
2024-03-27 17:03:53 Element without type: #7414=IfcSensor('1Q$ElbLvD4ZwUGHExo94$x',#12858,'senT_VS_22',$,$,#12857,#12893,$,.TEMPERATURESENSOR.)
2024-03-27 17:03:53 Element without type: #7414=IfcSensor('1Q$ElbLvD4ZwUGHExo94$x',#12858,'senT_VS_22',$,$,#12857,#12893,$,.TEMPERATURESENSOR.)
2024-03-27 17:03:53 Element without type: #7332=IfcPipeSegment('2yNRRnHB1Fz84nwTAsIgTe',#9611,'dp_VS_22',$,$,#9610,#9646,$,.USERDEFINED.)
2024-03-27 17:03:53 Element without type: #7332=IfcPipeSegment('2yNRRnHB1Fz84nwTAsIgTe',#9611,'dp_VS_22',$,$,#9610,#9646,$,.USERDEFINED.)
2024-03-27 17:03:53 Element without type: #7345=IfcHeatExchanger('21TjTXWw5CShImdxCyctjj',#10123,'hex_EK',$,$,#10122,#10163,$,.PLATE.)
2024-03-27 17:03:53 Element without type: #7423=IfcSensor('0b9wn1D2z6IB8Dg8DyBeC2',#13209,'senT_VT_7',$,$,#13208,#13244,$,.TEMPERATURESENSOR.)
2024-03-27 17:03:53 Element without type: #7335=IfcPipeSegment('1Wgy36wEj68euSG4Le0gQ6',#9728,'dp_VS_8',$,$,#9727,#9763,$,.USERDEFINED.)
2024-03-27 17:03:53 Element without type: #7394=IfcSensor('2opULiXMr3WOuYytw_hq7c',#12078,'senT_VH_7',$,$,#12077,#12113,$,.TEMPERATURESENSOR.)
2024-03-27 17:03:53 Element without type: #7336=IfcPipeSegment('2Oxo4VjyfD4BaaNscAtMLZ',#9767,'dp_VS_9',$,$,#9766,#9802,$,.USERDEFINED.)
2024-03-27 17:03:53 Element without type: #7402=IfcSensor('0lAf_xAVz7S9v7Zt4vMA5d',#12390,'senT_VK_7',$,$,#12389,#12425,$,.TEMPERATURESENSOR.)
2024-03-27 17:03:53 Element without type: #7324=IfcPipeSegment('2ptT8A9mX6lwM01hejhRHs',#9299,'dp_VS_12',$,$,#9298,#9334,$,.USERDEFINED.)
2024-03-27 17:03:53 Port ohne Vaterelement: #7065=IfcDistributionPort('0Fv4ny9r5CZf$S98P$7QRt',$,$,$,$,$,$,$,$,$)
2024-03-27 17:03:53 Element without type: #7440=IfcValve('1tynLLblX24OjL4UW5bgnG',#13869,'twv_VT',$,$,#13868,#13904,$,.MIXING.)
2024-03-27 17:03:53 Element without type: #7425=IfcSensor('0cg0oWEK52_fNvMU6c7GOp',#13287,'senh_KK',$,$,#13286,#13322,$,.FLOWSENSOR.)
2024-03-27 17:03:53 Port ohne Vaterelement: #7026=IfcDistributionPort('1EbFCrwODEXeWOlMJ23mhn',$,$,$,$,$,$,$,$,$)
2024-03-27 17:03:53 Port ohne Vaterelement: #7027=IfcDistributionPort('2h6JXMTsbA$xIBHep2bZoh',$,$,$,$,$,$,$,$,$)
2024-03-27 17:03:53 Element without type: #7429=IfcSensor('0gNIqQOXjFIQjTylWln$ME',#13443,'senq_KK',$,$,#13442,#13478,$,.HEATSENSOR.)
2024-03-27 17:03:53 Element without type: #7425=IfcSensor('0cg0oWEK52_fNvMU6c7GOp',#13287,'senh_KK',$,$,#13286,#13322,$,.FLOWSENSOR.)
2024-03-27 17:03:53 Element without type: #7429=IfcSensor('0gNIqQOXjFIQjTylWln$ME',#13443,'senq_KK',$,$,#13442,#13478,$,.HEATSENSOR.)
2024-03-27 17:03:53 Element without type: #7299=IfcPipeSegment('1vNYVWSj5ADxkhc6dMfVbg',#8324,'dp_KK_1',$,$,#8323,#8359,$,.USERDEFINED.)
2024-03-27 17:03:53 Element without type: #7380=IfcSensor('3plNQfZlj71gLGbHBUSaPo',#11532,'senT_KK_1',$,$,#11531,#11567,$,.TEMPERATURESENSOR.)
2024-03-27 17:03:53 Element without type: #7380=IfcSensor('3plNQfZlj71gLGbHBUSaPo',#11532,'senT_KK_1',$,$,#11531,#11567,$,.TEMPERATURESENSOR.)
2024-03-27 17:03:53 Element without type: #7348=IfcPipeFitting('277xMpHofArRcygBAeSSf3',#10245,'jun_KK_1',$,$,#10244,#10280,$,.JUNCTION.)
2024-03-27 17:03:53 Element without type: #7348=IfcPipeFitting('277xMpHofArRcygBAeSSf3',#10245,'jun_KK_1',$,$,#10244,#10280,$,.JUNCTION.)
2024-03-27 17:03:53 Element without type: #7300=IfcPipeSegment('1e9itwkxTEUA9jRCzktPxe',#8363,'dp_KK_2',$,$,#8362,#8398,$,.USERDEFINED.)
2024-03-27 17:03:53 Element without type: #7300=IfcPipeSegment('1e9itwkxTEUA9jRCzktPxe',#8363,'dp_KK_2',$,$,#8362,#8398,$,.USERDEFINED.)
2024-03-27 17:03:53 Element without type: #7381=IfcSensor('3jF5u1SEfBEBHu$uagOz_G',#11571,'senT_KK_2',$,$,#11570,#11606,$,.TEMPERATURESENSOR.)
2024-03-27 17:03:53 Port ohne Vaterelement: #7073=IfcDistributionPort('1aP2nEa_9CwekhIMjU7ys9',$,$,$,$,$,$,$,$,$)
2024-03-27 17:03:53 Element without type: #7442=IfcValve('2PZkrWZyP1jRC$Yr71CoED',#13947,'val_KK_3',$,$,#13946,#13982,$,.ISOLATING.)
2024-03-27 17:03:53 Element without type: #7442=IfcValve('2PZkrWZyP1jRC$Yr71CoED',#13947,'val_KK_3',$,$,#13946,#13982,$,.ISOLATING.)
2024-03-27 17:03:53 Element without type: #7349=IfcPipeFitting('2Yo0i7FmX30Q6RHXd7Nx4g',#10284,'jun_KK_2',$,$,#10283,#10319,$,.JUNCTION.)
2024-03-27 17:03:53 Element without type: #7302=IfcPipeSegment('2YIWRwEqj3MBrrtrprlw$y',#8441,'dp_KK_4',$,$,#8440,#8476,$,.USERDEFINED.)
2024-03-27 17:03:53 Element without type: #7383=IfcSensor('1f95Lt9Gr0Bw_iBR79TdBD',#11649,'senT_KK_4',$,$,#11648,#11684,$,.TEMPERATURESENSOR.)
2024-03-27 17:03:53 Element without type: #7349=IfcPipeFitting('2Yo0i7FmX30Q6RHXd7Nx4g',#10284,'jun_KK_2',$,$,#10283,#10319,$,.JUNCTION.)
2024-03-27 17:03:53 Element without type: #7302=IfcPipeSegment('2YIWRwEqj3MBrrtrprlw$y',#8441,'dp_KK_4',$,$,#8440,#8476,$,.USERDEFINED.)
2024-03-27 17:03:53 Element without type: #7368=IfcPump('0yR2cHqMj0HwtOjZvrHgSL',#11054,'pum_VT',$,$,#11053,#11094,$,.CIRCULATOR.)
2024-03-27 17:03:53 Element without type: #7349=IfcPipeFitting('2Yo0i7FmX30Q6RHXd7Nx4g',#10284,'jun_KK_2',$,$,#10283,#10319,$,.JUNCTION.)
2024-03-27 17:03:53 Element without type: #7381=IfcSensor('3jF5u1SEfBEBHu$uagOz_G',#11571,'senT_KK_2',$,$,#11570,#11606,$,.TEMPERATURESENSOR.)
2024-03-27 17:03:53 Element without type: #7368=IfcPump('0yR2cHqMj0HwtOjZvrHgSL',#11054,'pum_VT',$,$,#11053,#11094,$,.CIRCULATOR.)
2024-03-27 17:03:53 Element without type: #7384=IfcSensor('1kSkANmrr1PframT1rZZ4e',#11688,'senT_KK_5',$,$,#11687,#11723,$,.TEMPERATURESENSOR.)
2024-03-27 17:03:53 Element without type: #7442=IfcValve('2PZkrWZyP1jRC$Yr71CoED',#13947,'val_KK_3',$,$,#13946,#13982,$,.ISOLATING.)
2024-03-27 17:03:53 Element without type: #7303=IfcPipeSegment('1GjvDNdfbBZxIuoP$U2XD4',#8480,'dp_KK_5',$,$,#8479,#8515,$,.USERDEFINED.)
2024-03-27 17:03:53 Element without type: #7384=IfcSensor('1kSkANmrr1PframT1rZZ4e',#11688,'senT_KK_5',$,$,#11687,#11723,$,.TEMPERATURESENSOR.)
2024-03-27 17:03:53 Element without type: #7429=IfcSensor('0gNIqQOXjFIQjTylWln$ME',#13443,'senq_KK',$,$,#13442,#13478,$,.HEATSENSOR.)
2024-03-27 17:03:53 Element without type: #7385=IfcSensor('0PjRZ4YhL5$RfKUfmArvvs',#11727,'senT_KK_6',$,$,#11726,#11762,$,.TEMPERATURESENSOR.)
2024-03-27 17:03:53 Element without type: #7383=IfcSensor('1f95Lt9Gr0Bw_iBR79TdBD',#11649,'senT_KK_4',$,$,#11648,#11684,$,.TEMPERATURESENSOR.)
2024-03-27 17:03:53 Element without type: #7425=IfcSensor('0cg0oWEK52_fNvMU6c7GOp',#13287,'senh_KK',$,$,#13286,#13322,$,.FLOWSENSOR.)
2024-03-27 17:03:53 Element without type: #7385=IfcSensor('0PjRZ4YhL5$RfKUfmArvvs',#11727,'senT_KK_6',$,$,#11726,#11762,$,.TEMPERATURESENSOR.)
2024-03-27 17:03:53 Element without type: #7304=IfcPipeSegment('3WdELUyjnEEw_68gh6iH8b',#8519,'dp_KK_6',$,$,#8518,#8554,$,.USERDEFINED.)
2024-03-27 17:03:53 Element without type: #7304=IfcPipeSegment('3WdELUyjnEEw_68gh6iH8b',#8519,'dp_KK_6',$,$,#8518,#8554,$,.USERDEFINED.)
2024-03-27 17:03:53 Element without type: #7350=IfcPipeFitting('0xCrTIWIH5uA3yu7uk3jKE',#10323,'jun_KK_6',$,$,#10322,#10358,$,.JUNCTION.)
2024-03-27 17:03:53 Element without type: #7350=IfcPipeFitting('0xCrTIWIH5uA3yu7uk3jKE',#10323,'jun_KK_6',$,$,#10322,#10358,$,.JUNCTION.)
2024-03-27 17:03:53 Element without type: #7303=IfcPipeSegment('1GjvDNdfbBZxIuoP$U2XD4',#8480,'dp_KK_5',$,$,#8479,#8515,$,.USERDEFINED.)
2024-03-27 17:03:53 Element without type: #7386=IfcSensor('25PkRex2b7FxG6hr22ITNC',#11766,'senT_KK_7',$,$,#11765,#11801,$,.TEMPERATURESENSOR.)
2024-03-27 17:03:53 Element without type: #7305=IfcPipeSegment('2dUBaMSRLDae5$kicN4nZr',#8558,'dp_KK_7',$,$,#8557,#8593,$,.USERDEFINED.)
2024-03-27 17:03:53 Element without type: #7350=IfcPipeFitting('0xCrTIWIH5uA3yu7uk3jKE',#10323,'jun_KK_6',$,$,#10322,#10358,$,.JUNCTION.)
2024-03-27 17:03:53 Element without type: #7386=IfcSensor('25PkRex2b7FxG6hr22ITNC',#11766,'senT_KK_7',$,$,#11765,#11801,$,.TEMPERATURESENSOR.)
2024-03-27 17:03:53 Element without type: #7305=IfcPipeSegment('2dUBaMSRLDae5$kicN4nZr',#8558,'dp_KK_7',$,$,#8557,#8593,$,.USERDEFINED.)
2024-03-27 17:03:53 Element without type: #7440=IfcValve('1tynLLblX24OjL4UW5bgnG',#13869,'twv_VT',$,$,#13868,#13904,$,.MIXING.)
2024-03-27 17:03:53 Element without type: #7301=IfcPipeSegment('0FFSDfLQb0yvbVXCNKHzMc',#8402,'dp_KK_3',$,$,#8401,#8437,$,.USERDEFINED.)
2024-03-27 17:03:53 Element without type: #7382=IfcSensor('1OmEJDUKj5yhzL34Rk6kNs',#11610,'senT_KK_3',$,$,#11609,#11645,$,.TEMPERATURESENSOR.)
2024-03-27 17:03:53 Element without type: #7440=IfcValve('1tynLLblX24OjL4UW5bgnG',#13869,'twv_VT',$,$,#13868,#13904,$,.MIXING.)
2024-03-27 17:03:53 Element without type: #7301=IfcPipeSegment('0FFSDfLQb0yvbVXCNKHzMc',#8402,'dp_KK_3',$,$,#8401,#8437,$,.USERDEFINED.)
2024-03-27 17:03:53 Element without type: #7382=IfcSensor('1OmEJDUKj5yhzL34Rk6kNs',#11610,'senT_KK_3',$,$,#11609,#11645,$,.TEMPERATURESENSOR.)
2024-03-27 17:03:53 Element without type: #7348=IfcPipeFitting('277xMpHofArRcygBAeSSf3',#10245,'jun_KK_1',$,$,#10244,#10280,$,.JUNCTION.)
2024-03-27 17:03:53 Element without type: #7440=IfcValve('1tynLLblX24OjL4UW5bgnG',#13869,'twv_VT',$,$,#13868,#13904,$,.MIXING.)
2024-03-27 17:03:53 Element without type: #7387=IfcSensor('3XUaa3A9j7tB5BJVg8AvxQ',#11805,'senT_KK_8',$,$,#11804,#11840,$,.TEMPERATURESENSOR.)
2024-03-27 17:03:53 Element without type: #7387=IfcSensor('3XUaa3A9j7tB5BJVg8AvxQ',#11805,'senT_KK_8',$,$,#11804,#11840,$,.TEMPERATURESENSOR.)
2024-03-27 17:03:53 Element without type: #7306=IfcPipeSegment('1T5IdhwpLFVRPvZhRFu6sN',#8597,'dp_KK_8',$,$,#8596,#8632,$,.USERDEFINED.)
2024-03-27 17:03:53 Element without type: #7359=IfcPipeFitting('2ZeU3SuHzEBvn6YD_k6LJY',#10674,'jun_VS_5_H1',$,$,#10673,#10709,$,.JUNCTION.)
2024-03-27 17:03:53 Element without type: #7299=IfcPipeSegment('1vNYVWSj5ADxkhc6dMfVbg',#8324,'dp_KK_1',$,$,#8323,#8359,$,.USERDEFINED.)
2024-03-27 17:03:53 Element without type: #7306=IfcPipeSegment('1T5IdhwpLFVRPvZhRFu6sN',#8597,'dp_KK_8',$,$,#8596,#8632,$,.USERDEFINED.)
2024-03-27 17:03:53 Element without type: #7354=IfcPipeFitting('0U_3wmM8TC9eaujN_ldsM9',#10479,'jun_VS_17',$,$,#10478,#10514,$,.JUNCTION.)
2024-03-27 17:03:53 Port ohne Vaterelement: #7273=IfcDistributionPort('0YvpHW8uLA0ORWc1RoNOCU',$,$,$,$,$,$,$,$,$)
2024-03-27 17:03:53 Element without type: #7368=IfcPump('0yR2cHqMj0HwtOjZvrHgSL',#11054,'pum_VT',$,$,#11053,#11094,$,.CIRCULATOR.)
2024-03-27 17:03:53 Port ohne Vaterelement: #7273=IfcDistributionPort('0YvpHW8uLA0ORWc1RoNOCU',$,$,$,$,$,$,$,$,$)
2024-03-27 17:03:53 Port ohne Vaterelement: #7028=IfcDistributionPort('1vClKNo_rFYOOHq9FWK3V0',$,$,$,$,$,$,$,$,$)
2024-03-27 17:03:53 Element without type: #7362=IfcPump('2fq_tvghz3pfs2e3iKYHuJ',#10790,'pum_EH',$,$,#10789,#10830,$,.CIRCULATOR.)
2024-03-27 17:03:53 Element without type: #7370=IfcSensor('0LIRo1wsH1bfKg4pfQCKf4',#11142,'senT_EH_1',$,$,#11141,#11177,$,.TEMPERATURESENSOR.)
2024-03-27 17:03:53 Port ohne Vaterelement: #7075=IfcDistributionPort('3oQlWM6TL3R8ZTFdndB0nr',$,$,$,$,$,$,$,$,$)
2024-03-27 17:03:53 Element without type: #7436=IfcValve('1ovyw6MqrBBeFaUR$9sXnO',#13713,'twv_EH',$,$,#13712,#13748,$,.MIXING.)
2024-03-27 17:03:53 Element without type: #7277=IfcTank('0Wewtg6hrAWB93Cz3hpBk1',#7470,'bou_EH_1',$,$,#7469,#7504,$,.EXPANSION.)
2024-03-27 17:03:53 Element without type: #7289=IfcPipeSegment('3pJBfxKzPFqhVzSK57C1uU',#7934,'dp_EH_1',$,$,#7933,#7969,$,.USERDEFINED.)
2024-03-27 17:03:53 Element without type: #7292=IfcPipeSegment('3wpJxvfdPDNQGGTS4mbMVi',#8051,'dp_EH_5',$,$,#8050,#8086,$,.USERDEFINED.)
2024-03-27 17:03:53 Element without type: #7278=IfcTank('0VonYE3ir8ZOC85fDnkyxJ',#7508,'bou_EH_5',$,$,#7507,#7542,$,.EXPANSION.)
2024-03-27 17:03:53 Port ohne Vaterelement: #7192=IfcDistributionPort('0zln89SPT1kvEwR32Baks2',$,$,$,$,$,$,$,$,$)
2024-03-27 17:03:53 Element without type: #7292=IfcPipeSegment('3wpJxvfdPDNQGGTS4mbMVi',#8051,'dp_EH_5',$,$,#8050,#8086,$,.USERDEFINED.)
2024-03-27 17:03:53 Element without type: #7371=IfcSensor('2uvlmQzij6G9TAkV151N_9',#11181,'senT_EH_3',$,$,#11180,#11216,$,.TEMPERATURESENSOR.)
2024-03-27 17:03:53 Element without type: #7290=IfcPipeSegment('1jBNv06g5Aoeg9zuoZi1LI',#7973,'dp_EH_2',$,$,#7972,#8008,$,.USERDEFINED.)
2024-03-27 17:03:53 Element without type: #7290=IfcPipeSegment('1jBNv06g5Aoeg9zuoZi1LI',#7973,'dp_EH_2',$,$,#7972,#8008,$,.USERDEFINED.)
2024-03-27 17:03:53 Element without type: #7346=IfcPipeFitting('3$$7jl4TbBlwQ19qOPMJM6',#10167,'jun_EH',$,$,#10166,#10202,$,.JUNCTION.)
2024-03-27 17:03:53 Element without type: #7436=IfcValve('1ovyw6MqrBBeFaUR$9sXnO',#13713,'twv_EH',$,$,#13712,#13748,$,.MIXING.)
2024-03-27 17:03:53 Element without type: #7291=IfcPipeSegment('0yiAOd_Xb7W9awEm8gbjWR',#8012,'dp_EH_3',$,$,#8011,#8047,$,.USERDEFINED.)
2024-03-27 17:03:53 Element without type: #7291=IfcPipeSegment('0yiAOd_Xb7W9awEm8gbjWR',#8012,'dp_EH_3',$,$,#8011,#8047,$,.USERDEFINED.)
2024-03-27 17:03:53 Element without type: #7362=IfcPump('2fq_tvghz3pfs2e3iKYHuJ',#10790,'pum_EH',$,$,#10789,#10830,$,.CIRCULATOR.)
2024-03-27 17:03:53 Element without type: #7289=IfcPipeSegment('3pJBfxKzPFqhVzSK57C1uU',#7934,'dp_EH_1',$,$,#7933,#7969,$,.USERDEFINED.)
2024-03-27 17:03:53 Element without type: #7372=IfcSensor('1tLXCRSxrDbP6Ho4Csfn9a',#11220,'senT_EH_5',$,$,#11219,#11255,$,.TEMPERATURESENSOR.)
2024-03-27 17:03:53 Element without type: #7372=IfcSensor('1tLXCRSxrDbP6Ho4Csfn9a',#11220,'senT_EH_5',$,$,#11219,#11255,$,.TEMPERATURESENSOR.)
2024-03-27 17:03:53 Element without type: #7436=IfcValve('1ovyw6MqrBBeFaUR$9sXnO',#13713,'twv_EH',$,$,#13712,#13748,$,.MIXING.)
2024-03-27 17:03:53 Element without type: #7346=IfcPipeFitting('3$$7jl4TbBlwQ19qOPMJM6',#10167,'jun_EH',$,$,#10166,#10202,$,.JUNCTION.)
2024-03-27 17:03:53 Element without type: #7373=IfcSensor('027WpzkznBbeYcvKKDnUda',#11259,'senT_EH_6',$,$,#11258,#11294,$,.TEMPERATURESENSOR.)
2024-03-27 17:03:53 Element without type: #7373=IfcSensor('027WpzkznBbeYcvKKDnUda',#11259,'senT_EH_6',$,$,#11258,#11294,$,.TEMPERATURESENSOR.)
2024-03-27 17:03:53 Element without type: #7292=IfcPipeSegment('3wpJxvfdPDNQGGTS4mbMVi',#8051,'dp_EH_5',$,$,#8050,#8086,$,.USERDEFINED.)
2024-03-27 17:03:53 Element without type: #7374=IfcSensor('3XQ1N_HvDCNhWlQueXedR4',#11298,'senT_EH_7',$,$,#11297,#11333,$,.TEMPERATURESENSOR.)
2024-03-27 17:03:53 Element without type: #7293=IfcPipeSegment('1ESscfErTC9gqNNIOcuTkP',#8090,'dp_EH_6',$,$,#8089,#8125,$,.USERDEFINED.)
2024-03-27 17:03:53 Element without type: #7293=IfcPipeSegment('1ESscfErTC9gqNNIOcuTkP',#8090,'dp_EH_6',$,$,#8089,#8125,$,.USERDEFINED.)
2024-03-27 17:03:53 Element without type: #7436=IfcValve('1ovyw6MqrBBeFaUR$9sXnO',#13713,'twv_EH',$,$,#13712,#13748,$,.MIXING.)
2024-03-27 17:03:53 Element without type: #7374=IfcSensor('3XQ1N_HvDCNhWlQueXedR4',#11298,'senT_EH_7',$,$,#11297,#11333,$,.TEMPERATURESENSOR.)
2024-03-27 17:03:53 Element without type: #7281=IfcValve('2a02qAumb8xeTa0Tp40Llz',#7622,'cv_EH',$,$,#7621,#7657,$,.CHECK.)
2024-03-27 17:03:53 Element without type: #7281=IfcValve('2a02qAumb8xeTa0Tp40Llz',#7622,'cv_EH',$,$,#7621,#7657,$,.CHECK.)
2024-03-27 17:03:53 Element without type: #7346=IfcPipeFitting('3$$7jl4TbBlwQ19qOPMJM6',#10167,'jun_EH',$,$,#10166,#10202,$,.JUNCTION.)
2024-03-27 17:03:53 Port ohne Vaterelement: #7069=IfcDistributionPort('2d7qkuHHDFTePsqcOB9_Fc',$,$,$,$,$,$,$,$,$)
2024-03-27 17:03:53 Element without type: #7362=IfcPump('2fq_tvghz3pfs2e3iKYHuJ',#10790,'pum_EH',$,$,#10789,#10830,$,.CIRCULATOR.)
2024-03-27 17:03:53 Element without type: #7370=IfcSensor('0LIRo1wsH1bfKg4pfQCKf4',#11142,'senT_EH_1',$,$,#11141,#11177,$,.TEMPERATURESENSOR.)
2024-03-27 17:03:53 Element without type: #7344=IfcHeatExchanger('2uo5ONLjTFBuKwVMeze1KU',#10079,'hex_EH',$,$,#10078,#10119,$,.PLATE.)
2024-03-27 17:03:53 Element without type: #7371=IfcSensor('2uvlmQzij6G9TAkV151N_9',#11181,'senT_EH_3',$,$,#11180,#11216,$,.TEMPERATURESENSOR.)
2024-03-27 17:03:53 Element without type: #7344=IfcHeatExchanger('2uo5ONLjTFBuKwVMeze1KU',#10079,'hex_EH',$,$,#10078,#10119,$,.PLATE.)
2024-03-27 17:03:53 Element without type: #7363=IfcPump('1qVKJrVJH8S95o9BnV67hr',#10834,'pum_EK',$,$,#10833,#10874,$,.CIRCULATOR.)
2024-03-27 17:03:53 Element without type: #7375=IfcSensor('2P5UwQf3v4GeSHjkiPErcp',#11337,'senT_EK_1',$,$,#11336,#11372,$,.TEMPERATURESENSOR.)
2024-03-27 17:03:53 Port ohne Vaterelement: #7076=IfcDistributionPort('3K3uhOLGn9HvYxSaexAkvO',$,$,$,$,$,$,$,$,$)
2024-03-27 17:03:53 Element without type: #7437=IfcValve('3CgYbUAYf4lQKGFTfhp9Yc',#13752,'twv_EK',$,$,#13751,#13787,$,.MIXING.)
2024-03-27 17:03:53 Element without type: #7279=IfcTank('2ZIi1kHiP9pRe0$9xD9hsf',#7546,'bou_EK_1',$,$,#7545,#7580,$,.EXPANSION.)
2024-03-27 17:03:53 Element without type: #7294=IfcPipeSegment('1pLS8napD2bgD99nsjdWNO',#8129,'dp_EK_1',$,$,#8128,#8164,$,.USERDEFINED.)
2024-03-27 17:03:53 Element without type: #7297=IfcPipeSegment('2iQh_Dzw1FeRzT$PcOEShT',#8246,'dp_EK_5',$,$,#8245,#8281,$,.USERDEFINED.)
2024-03-27 17:03:53 Element without type: #7280=IfcTank('0kTiqQs850Yx71aCUG0lva',#7584,'bou_EK_5',$,$,#7583,#7618,$,.EXPANSION.)
2024-03-27 17:03:53 Port ohne Vaterelement: #7193=IfcDistributionPort('1h2qrc44LArugoIJLC6u7u',$,$,$,$,$,$,$,$,$)
2024-03-27 17:03:53 Element without type: #7297=IfcPipeSegment('2iQh_Dzw1FeRzT$PcOEShT',#8246,'dp_EK_5',$,$,#8245,#8281,$,.USERDEFINED.)
2024-03-27 17:03:53 Element without type: #7376=IfcSensor('1JudyyB$17o82pW_4g2B6D',#11376,'senT_EK_3',$,$,#11375,#11411,$,.TEMPERATURESENSOR.)
2024-03-27 17:03:53 Element without type: #7295=IfcPipeSegment('3QzqQLGlL7nBSPec1R8WHq',#8168,'dp_EK_2',$,$,#8167,#8203,$,.USERDEFINED.)
2024-03-27 17:03:53 Element without type: #7295=IfcPipeSegment('3QzqQLGlL7nBSPec1R8WHq',#8168,'dp_EK_2',$,$,#8167,#8203,$,.USERDEFINED.)
2024-03-27 17:03:53 Element without type: #7347=IfcPipeFitting('17tT8HWm1FPhjMqTaSBSt2',#10206,'jun_EK',$,$,#10205,#10241,$,.JUNCTION.)
2024-03-27 17:03:53 Element without type: #7437=IfcValve('3CgYbUAYf4lQKGFTfhp9Yc',#13752,'twv_EK',$,$,#13751,#13787,$,.MIXING.)
2024-03-27 17:03:53 Element without type: #7296=IfcPipeSegment('1odWpB2Of99fLgB$N6i_Zg',#8207,'dp_EK_3',$,$,#8206,#8242,$,.USERDEFINED.)
2024-03-27 17:03:53 Element without type: #7296=IfcPipeSegment('1odWpB2Of99fLgB$N6i_Zg',#8207,'dp_EK_3',$,$,#8206,#8242,$,.USERDEFINED.)
2024-03-27 17:03:53 Element without type: #7363=IfcPump('1qVKJrVJH8S95o9BnV67hr',#10834,'pum_EK',$,$,#10833,#10874,$,.CIRCULATOR.)
2024-03-27 17:03:53 Element without type: #7294=IfcPipeSegment('1pLS8napD2bgD99nsjdWNO',#8129,'dp_EK_1',$,$,#8128,#8164,$,.USERDEFINED.)
2024-03-27 17:03:53 Element without type: #7377=IfcSensor('1tNAiN169CnglO$Nnp_4q2',#11415,'senT_EK_5',$,$,#11414,#11450,$,.TEMPERATURESENSOR.)
2024-03-27 17:03:53 Element without type: #7377=IfcSensor('1tNAiN169CnglO$Nnp_4q2',#11415,'senT_EK_5',$,$,#11414,#11450,$,.TEMPERATURESENSOR.)
2024-03-27 17:03:53 Element without type: #7437=IfcValve('3CgYbUAYf4lQKGFTfhp9Yc',#13752,'twv_EK',$,$,#13751,#13787,$,.MIXING.)
2024-03-27 17:03:53 Element without type: #7347=IfcPipeFitting('17tT8HWm1FPhjMqTaSBSt2',#10206,'jun_EK',$,$,#10205,#10241,$,.JUNCTION.)
2024-03-27 17:03:53 Element without type: #7378=IfcSensor('0gVj5SuuL3XPBSwahaG$x6',#11454,'senT_EK_6',$,$,#11453,#11489,$,.TEMPERATURESENSOR.)
2024-03-27 17:03:53 Element without type: #7378=IfcSensor('0gVj5SuuL3XPBSwahaG$x6',#11454,'senT_EK_6',$,$,#11453,#11489,$,.TEMPERATURESENSOR.)
2024-03-27 17:03:53 Element without type: #7297=IfcPipeSegment('2iQh_Dzw1FeRzT$PcOEShT',#8246,'dp_EK_5',$,$,#8245,#8281,$,.USERDEFINED.)
2024-03-27 17:03:53 Element without type: #7379=IfcSensor('3grWm6p5n1XPh4FbtWTZf0',#11493,'senT_EK_7',$,$,#11492,#11528,$,.TEMPERATURESENSOR.)
2024-03-27 17:03:53 Element without type: #7298=IfcPipeSegment('16nlGvO7vFyf$WZrb22BBf',#8285,'dp_EK_6',$,$,#8284,#8320,$,.USERDEFINED.)
2024-03-27 17:03:53 Element without type: #7298=IfcPipeSegment('16nlGvO7vFyf$WZrb22BBf',#8285,'dp_EK_6',$,$,#8284,#8320,$,.USERDEFINED.)
2024-03-27 17:03:53 Element without type: #7437=IfcValve('3CgYbUAYf4lQKGFTfhp9Yc',#13752,'twv_EK',$,$,#13751,#13787,$,.MIXING.)
2024-03-27 17:03:53 Element without type: #7379=IfcSensor('3grWm6p5n1XPh4FbtWTZf0',#11493,'senT_EK_7',$,$,#11492,#11528,$,.TEMPERATURESENSOR.)
2024-03-27 17:03:53 Element without type: #7282=IfcValve('0U1uDVVAH86w7KThsZlspH',#7661,'cv_EK',$,$,#7660,#7696,$,.CHECK.)
2024-03-27 17:03:53 Element without type: #7282=IfcValve('0U1uDVVAH86w7KThsZlspH',#7661,'cv_EK',$,$,#7660,#7696,$,.CHECK.)
2024-03-27 17:03:53 Element without type: #7347=IfcPipeFitting('17tT8HWm1FPhjMqTaSBSt2',#10206,'jun_EK',$,$,#10205,#10241,$,.JUNCTION.)
2024-03-27 17:03:53 Port ohne Vaterelement: #7070=IfcDistributionPort('3xtVMAmhrExxLzLZ$dlvp6',$,$,$,$,$,$,$,$,$)
2024-03-27 17:03:53 Element without type: #7363=IfcPump('1qVKJrVJH8S95o9BnV67hr',#10834,'pum_EK',$,$,#10833,#10874,$,.CIRCULATOR.)
2024-03-27 17:03:53 Element without type: #7375=IfcSensor('2P5UwQf3v4GeSHjkiPErcp',#11337,'senT_EK_1',$,$,#11336,#11372,$,.TEMPERATURESENSOR.)
2024-03-27 17:03:53 Element without type: #7345=IfcHeatExchanger('21TjTXWw5CShImdxCyctjj',#10123,'hex_EK',$,$,#10122,#10163,$,.PLATE.)
2024-03-27 17:03:53 Element without type: #7376=IfcSensor('1JudyyB$17o82pW_4g2B6D',#11376,'senT_EK_3',$,$,#11375,#11411,$,.TEMPERATURESENSOR.)
2024-03-27 17:03:53 Element without type: #7345=IfcHeatExchanger('21TjTXWw5CShImdxCyctjj',#10123,'hex_EK',$,$,#10122,#10163,$,.PLATE.)
2024-03-27 17:03:53 Element without type: #7369=IfcPump('2QhWiF6fT4NQbUmV9gpE4L',#11098,'pum_VT1',$,$,#11097,#11138,$,.CIRCULATOR.)
2024-03-27 17:03:53 Element without type: #7418=IfcSensor('2SsMDJpBX0WhJUknxUodsI',#13014,'senT_VT_2',$,$,#13013,#13049,$,.TEMPERATURESENSOR.)
2024-03-27 17:03:53 Port ohne Vaterelement: #7066=IfcDistributionPort('17wFBat7H0OfFVXCb_vqUn',$,$,$,$,$,$,$,$,$)
2024-03-27 17:03:53 Element without type: #7441=IfcValve('0o3ag9TPH5_fxCCUeY0QeW',#13908,'twv_VT1',$,$,#13907,#13943,$,.MIXING.)
2024-03-27 17:03:53 Element without type: #7441=IfcValve('0o3ag9TPH5_fxCCUeY0QeW',#13908,'twv_VT1',$,$,#13907,#13943,$,.MIXING.)
2024-03-27 17:03:53 Element without type: #7338=IfcPipeSegment('3HGq2lsTbEeOO8QFfUIf7v',#9845,'dp_VT_2',$,$,#9844,#9880,$,.USERDEFINED.)
2024-03-27 17:03:53 Element without type: #7338=IfcPipeSegment('3HGq2lsTbEeOO8QFfUIf7v',#9845,'dp_VT_2',$,$,#9844,#9880,$,.USERDEFINED.)
2024-03-27 17:03:53 Element without type: #7369=IfcPump('2QhWiF6fT4NQbUmV9gpE4L',#11098,'pum_VT1',$,$,#11097,#11138,$,.CIRCULATOR.)
2024-03-27 17:03:53 Element without type: #7417=IfcSensor('3L63PrRTTEkwqZ0spO_0pa',#12975,'senT_VT_1',$,$,#12974,#13010,$,.TEMPERATURESENSOR.)
2024-03-27 17:03:53 Element without type: #7441=IfcValve('0o3ag9TPH5_fxCCUeY0QeW',#13908,'twv_VT1',$,$,#13907,#13943,$,.MIXING.)
2024-03-27 17:03:53 Port ohne Vaterelement: #7199=IfcDistributionPort('2Bq0WhlyP7mRxs305UR24s',$,$,$,$,$,$,$,$,$)
2024-03-27 17:03:53 Element without type: #7418=IfcSensor('2SsMDJpBX0WhJUknxUodsI',#13014,'senT_VT_2',$,$,#13013,#13049,$,.TEMPERATURESENSOR.)
2024-03-27 17:03:53 Element without type: #7340=IfcPipeSegment('2FBwf0iwLEsfSbXRuO9gs8',#9923,'dp_VT_4',$,$,#9922,#9958,$,.USERDEFINED.)
2024-03-27 17:03:53 Element without type: #7420=IfcSensor('0Yg1fKg9PFg8FSNsOKyTV7',#13092,'senT_VT_4',$,$,#13091,#13127,$,.TEMPERATURESENSOR.)
2024-03-27 17:03:53 Element without type: #7420=IfcSensor('0Yg1fKg9PFg8FSNsOKyTV7',#13092,'senT_VT_4',$,$,#13091,#13127,$,.TEMPERATURESENSOR.)
2024-03-27 17:03:53 Element without type: #7428=IfcSensor('1NEveLqV9Ezxp6j$$D357V',#13404,'senh_VT',$,$,#13403,#13439,$,.FLOWSENSOR.)
2024-03-27 17:03:53 Element without type: #7428=IfcSensor('1NEveLqV9Ezxp6j$$D357V',#13404,'senh_VT',$,$,#13403,#13439,$,.FLOWSENSOR.)
2024-03-27 17:03:53 Port ohne Vaterelement: #7035=IfcDistributionPort('3E6oeIpmX2veNdn6C2EaOA',$,$,$,$,$,$,$,$,$)
2024-03-27 17:03:53 Port ohne Vaterelement: #7036=IfcDistributionPort('3zENbovgL5sf1pH9SoVcx0',$,$,$,$,$,$,$,$,$)
2024-03-27 17:03:53 Element without type: #7432=IfcSensor('3EIXLROUb6qutqjrmmZwbY',#13560,'senq_VT',$,$,#13559,#13595,$,.HEATSENSOR.)
2024-03-27 17:03:53 Element without type: #7432=IfcSensor('3EIXLROUb6qutqjrmmZwbY',#13560,'senq_VT',$,$,#13559,#13595,$,.HEATSENSOR.)
2024-03-27 17:03:53 Element without type: #7422=IfcSensor('0p7SkeLknF5vwskaY9rjW7',#13170,'senT_VT_6',$,$,#13169,#13205,$,.TEMPERATURESENSOR.)
2024-03-27 17:03:53 Element without type: #7422=IfcSensor('0p7SkeLknF5vwskaY9rjW7',#13170,'senT_VT_6',$,$,#13169,#13205,$,.TEMPERATURESENSOR.)
2024-03-27 17:03:53 Element without type: #7342=IfcPipeSegment('27B8WnOfL0MOe6ATtFifnl',#10001,'dp_VT_6',$,$,#10000,#10036,$,.USERDEFINED.)
2024-03-27 17:03:53 Element without type: #7288=IfcValve('0psEfS72L3o8d72msnlDWB',#7895,'cv_VT_3',$,$,#7894,#7930,$,.CHECK.)
2024-03-27 17:03:53 Element without type: #7339=IfcPipeSegment('1d8C25uBPA0vvbDbP04Tp8',#9884,'dp_VT_3',$,$,#9883,#9919,$,.USERDEFINED.)
2024-03-27 17:03:53 Element without type: #7428=IfcSensor('1NEveLqV9Ezxp6j$$D357V',#13404,'senh_VT',$,$,#13403,#13439,$,.FLOWSENSOR.)
2024-03-27 17:03:53 Element without type: #7432=IfcSensor('3EIXLROUb6qutqjrmmZwbY',#13560,'senq_VT',$,$,#13559,#13595,$,.HEATSENSOR.)
2024-03-27 17:03:53 Element without type: #7339=IfcPipeSegment('1d8C25uBPA0vvbDbP04Tp8',#9884,'dp_VT_3',$,$,#9883,#9919,$,.USERDEFINED.)
2024-03-27 17:03:53 Element without type: #7421=IfcSensor('3jJk1scZn5XOHH7A56VNzl',#13131,'senT_VT_5',$,$,#13130,#13166,$,.TEMPERATURESENSOR.)
2024-03-27 17:03:53 Element without type: #7421=IfcSensor('3jJk1scZn5XOHH7A56VNzl',#13131,'senT_VT_5',$,$,#13130,#13166,$,.TEMPERATURESENSOR.)
2024-03-27 17:03:53 Element without type: #7441=IfcValve('0o3ag9TPH5_fxCCUeY0QeW',#13908,'twv_VT1',$,$,#13907,#13943,$,.MIXING.)
2024-03-27 17:03:53 Element without type: #7419=IfcSensor('3rxrMQDnfEgv23sWKoQkZt',#13053,'senT_VT_3',$,$,#13052,#13088,$,.TEMPERATURESENSOR.)
2024-03-27 17:03:53 Element without type: #7343=IfcPipeSegment('2JN0xqxyj9w9hUk2f765ni',#10040,'dp_VT_7',$,$,#10039,#10075,$,.USERDEFINED.)
2024-03-27 17:03:53 Element without type: #7287=IfcValve('0ch_xJW3r6QOI2lHItRswo',#7856,'cv_VT_1',$,$,#7855,#7891,$,.CHECK.)
2024-03-27 17:03:53 Element without type: #7337=IfcPipeSegment('1TSGpQNp14P9aNPqyKei$x',#9806,'dp_VT_1',$,$,#9805,#9841,$,.USERDEFINED.)
2024-03-27 17:03:53 Element without type: #7337=IfcPipeSegment('1TSGpQNp14P9aNPqyKei$x',#9806,'dp_VT_1',$,$,#9805,#9841,$,.USERDEFINED.)
2024-03-27 17:03:53 Element without type: #7417=IfcSensor('3L63PrRTTEkwqZ0spO_0pa',#12975,'senT_VT_1',$,$,#12974,#13010,$,.TEMPERATURESENSOR.)
2024-03-27 17:03:53 Element without type: #7418=IfcSensor('2SsMDJpBX0WhJUknxUodsI',#13014,'senT_VT_2',$,$,#13013,#13049,$,.TEMPERATURESENSOR.)
2024-03-27 17:03:53 Element without type: #7341=IfcPipeSegment('0pl5PpqHTE7A0gSZ1MYyoZ',#9962,'dp_VT_5',$,$,#9961,#9997,$,.USERDEFINED.)
2024-03-27 17:03:53 Element without type: #7340=IfcPipeSegment('2FBwf0iwLEsfSbXRuO9gs8',#9923,'dp_VT_4',$,$,#9922,#9958,$,.USERDEFINED.)
2024-03-27 17:03:53 Element without type: #7341=IfcPipeSegment('0pl5PpqHTE7A0gSZ1MYyoZ',#9962,'dp_VT_5',$,$,#9961,#9997,$,.USERDEFINED.)
2024-03-27 17:03:53 Element without type: #7341=IfcPipeSegment('0pl5PpqHTE7A0gSZ1MYyoZ',#9962,'dp_VT_5',$,$,#9961,#9997,$,.USERDEFINED.)
2024-03-27 17:03:53 Element without type: #7445=IfcValve('0o9CJ02W1ElBO9sskAEDjg',#14064,'val_VT_5',$,$,#14063,#14099,$,.ISOLATING.)
2024-03-27 17:03:53 Port ohne Vaterelement: #7074=IfcDistributionPort('2AAdgzKEfFSAhXLryLRBnt',$,$,$,$,$,$,$,$,$)
2024-03-27 17:03:53 Element without type: #7445=IfcValve('0o9CJ02W1ElBO9sskAEDjg',#14064,'val_VT_5',$,$,#14063,#14099,$,.ISOLATING.)
2024-03-27 17:03:53 Element without type: #7445=IfcValve('0o9CJ02W1ElBO9sskAEDjg',#14064,'val_VT_5',$,$,#14063,#14099,$,.ISOLATING.)
2024-03-27 17:03:53 Element without type: #7424=IfcSensor('0d8Gyg8ATA$Rx_dwbVQ9oJ',#13248,'senT_VT_8',$,$,#13247,#13283,$,.TEMPERATURESENSOR.)
2024-03-27 17:03:53 Element without type: #7424=IfcSensor('0d8Gyg8ATA$Rx_dwbVQ9oJ',#13248,'senT_VT_8',$,$,#13247,#13283,$,.TEMPERATURESENSOR.)
2024-03-27 17:03:53 Element without type: #7342=IfcPipeSegment('27B8WnOfL0MOe6ATtFifnl',#10001,'dp_VT_6',$,$,#10000,#10036,$,.USERDEFINED.)
2024-03-27 17:03:53 Element without type: #7424=IfcSensor('0d8Gyg8ATA$Rx_dwbVQ9oJ',#13248,'senT_VT_8',$,$,#13247,#13283,$,.TEMPERATURESENSOR.)
2024-03-27 17:03:53 Element without type: #7343=IfcPipeSegment('2JN0xqxyj9w9hUk2f765ni',#10040,'dp_VT_7',$,$,#10039,#10075,$,.USERDEFINED.)
2024-03-27 17:03:53 Element without type: #7357=IfcPipeFitting('306rh4$EDDthmkEtIRKq5M',#10596,'jun_VS_4_H',$,$,#10595,#10631,$,.JUNCTION.)
2024-03-27 17:03:53 Element without type: #7288=IfcValve('0psEfS72L3o8d72msnlDWB',#7895,'cv_VT_3',$,$,#7894,#7930,$,.CHECK.)
2024-03-27 17:03:53 Element without type: #7355=IfcPipeFitting('1CK0pEGGT9XeRTbFKxBt$$',#10518,'jun_VS_18',$,$,#10517,#10553,$,.JUNCTION.)
2024-03-27 17:03:53 Element without type: #7287=IfcValve('0ch_xJW3r6QOI2lHItRswo',#7856,'cv_VT_1',$,$,#7855,#7891,$,.CHECK.)
2024-03-27 17:03:53 Port ohne Vaterelement: #7276=IfcDistributionPort('24vUqM1vPB6AKw1hsA3jq1',$,$,$,$,$,$,$,$,$)
2024-03-27 17:03:53 Element without type: #7369=IfcPump('2QhWiF6fT4NQbUmV9gpE4L',#11098,'pum_VT1',$,$,#11097,#11138,$,.CIRCULATOR.)
2024-03-27 17:03:53 Port ohne Vaterelement: #7276=IfcDistributionPort('24vUqM1vPB6AKw1hsA3jq1',$,$,$,$,$,$,$,$,$)
2024-03-27 17:03:53 Port ohne Vaterelement: #7037=IfcDistributionPort('3y6wKIAxD7QfpOlRPmvT6m',$,$,$,$,$,$,$,$,$)
2024-03-27 17:03:53 Element without type: #7419=IfcSensor('3rxrMQDnfEgv23sWKoQkZt',#13053,'senT_VT_3',$,$,#13052,#13088,$,.TEMPERATURESENSOR.)
2024-03-27 17:03:53 Element without type: #7423=IfcSensor('0b9wn1D2z6IB8Dg8DyBeC2',#13209,'senT_VT_7',$,$,#13208,#13244,$,.TEMPERATURESENSOR.)
2024-03-27 17:03:53 Element without type: #7364=IfcPump('16GyTCiLv0$9A1jTHg4Hk1',#10878,'pum_VH',$,$,#10877,#10918,$,.CIRCULATOR.)
2024-03-27 17:03:53 Element without type: #7389=IfcSensor('28lCXK19n0gRnS4a01DdH9',#11883,'senT_VH_2',$,$,#11882,#11918,$,.TEMPERATURESENSOR.)
2024-03-27 17:03:53 Port ohne Vaterelement: #7063=IfcDistributionPort('0XIJncI$HEfeS4Lz_Cb7bN',$,$,$,$,$,$,$,$,$)
2024-03-27 17:03:53 Element without type: #7438=IfcValve('04ct5TtJXD0u02pkLk$oTU',#13791,'twv_VH',$,$,#13790,#13826,$,.MIXING.)
2024-03-27 17:03:53 Element without type: #7438=IfcValve('04ct5TtJXD0u02pkLk$oTU',#13791,'twv_VH',$,$,#13790,#13826,$,.MIXING.)
2024-03-27 17:03:53 Element without type: #7308=IfcPipeSegment('0kklca_J97uA_5ld0dxthP',#8675,'dp_VH_2',$,$,#8674,#8710,$,.USERDEFINED.)
2024-03-27 17:03:53 Element without type: #7308=IfcPipeSegment('0kklca_J97uA_5ld0dxthP',#8675,'dp_VH_2',$,$,#8674,#8710,$,.USERDEFINED.)
2024-03-27 17:03:53 Element without type: #7364=IfcPump('16GyTCiLv0$9A1jTHg4Hk1',#10878,'pum_VH',$,$,#10877,#10918,$,.CIRCULATOR.)
2024-03-27 17:03:53 Element without type: #7388=IfcSensor('0dmlDPAqX4YgcwZnOWCYXj',#11844,'senT_VH_1',$,$,#11843,#11879,$,.TEMPERATURESENSOR.)
2024-03-27 17:03:53 Element without type: #7438=IfcValve('04ct5TtJXD0u02pkLk$oTU',#13791,'twv_VH',$,$,#13790,#13826,$,.MIXING.)
2024-03-27 17:03:53 Port ohne Vaterelement: #7194=IfcDistributionPort('2x47OmfIDCgh35vYQ3nzEc',$,$,$,$,$,$,$,$,$)
2024-03-27 17:03:53 Element without type: #7389=IfcSensor('28lCXK19n0gRnS4a01DdH9',#11883,'senT_VH_2',$,$,#11882,#11918,$,.TEMPERATURESENSOR.)
2024-03-27 17:03:53 Element without type: #7310=IfcPipeSegment('0gQ8Xgy81EuuuUejcOBCXV',#8753,'dp_VH_4',$,$,#8752,#8788,$,.USERDEFINED.)
2024-03-27 17:03:53 Element without type: #7391=IfcSensor('2EKPwCnZX23g$iK1lrrmOX',#11961,'senT_VH_4',$,$,#11960,#11996,$,.TEMPERATURESENSOR.)
2024-03-27 17:03:53 Element without type: #7391=IfcSensor('2EKPwCnZX23g$iK1lrrmOX',#11961,'senT_VH_4',$,$,#11960,#11996,$,.TEMPERATURESENSOR.)
2024-03-27 17:03:53 Element without type: #7426=IfcSensor('2fyE2wGWP93uHmkUQXE9uy',#13326,'senh_VH',$,$,#13325,#13361,$,.FLOWSENSOR.)
2024-03-27 17:03:53 Element without type: #7426=IfcSensor('2fyE2wGWP93uHmkUQXE9uy',#13326,'senh_VH',$,$,#13325,#13361,$,.FLOWSENSOR.)
2024-03-27 17:03:53 Port ohne Vaterelement: #7029=IfcDistributionPort('3yhmvWZiD8GPaAmQV$qaKM',$,$,$,$,$,$,$,$,$)
2024-03-27 17:03:53 Port ohne Vaterelement: #7030=IfcDistributionPort('2jqmMUyCP86xD5rSEqRmU6',$,$,$,$,$,$,$,$,$)
2024-03-27 17:03:53 Element without type: #7430=IfcSensor('2Tq03YfzD3Fh0kp3yCiNbd',#13482,'senq_VH',$,$,#13481,#13517,$,.HEATSENSOR.)
2024-03-27 17:03:53 Element without type: #7430=IfcSensor('2Tq03YfzD3Fh0kp3yCiNbd',#13482,'senq_VH',$,$,#13481,#13517,$,.HEATSENSOR.)
2024-03-27 17:03:53 Element without type: #7393=IfcSensor('3_BVxb6cPDCfWuw10duivh',#12039,'senT_VH_6',$,$,#12038,#12074,$,.TEMPERATURESENSOR.)
2024-03-27 17:03:53 Element without type: #7393=IfcSensor('3_BVxb6cPDCfWuw10duivh',#12039,'senT_VH_6',$,$,#12038,#12074,$,.TEMPERATURESENSOR.)
2024-03-27 17:03:53 Element without type: #7312=IfcPipeSegment('1J6vfxTv1EaQfdrALwD4E9',#8831,'dp_VH_6',$,$,#8830,#8866,$,.USERDEFINED.)
2024-03-27 17:03:53 Element without type: #7284=IfcValve('2rP0LkdjX9I8kdGHCUB7PZ',#7739,'cv_VH_3',$,$,#7738,#7774,$,.CHECK.)
2024-03-27 17:03:53 Element without type: #7309=IfcPipeSegment('3ucQR9YHPFpvdeBXFmSrar',#8714,'dp_VH_3',$,$,#8713,#8749,$,.USERDEFINED.)
2024-03-27 17:03:53 Element without type: #7426=IfcSensor('2fyE2wGWP93uHmkUQXE9uy',#13326,'senh_VH',$,$,#13325,#13361,$,.FLOWSENSOR.)
2024-03-27 17:03:53 Element without type: #7430=IfcSensor('2Tq03YfzD3Fh0kp3yCiNbd',#13482,'senq_VH',$,$,#13481,#13517,$,.HEATSENSOR.)
2024-03-27 17:03:53 Element without type: #7309=IfcPipeSegment('3ucQR9YHPFpvdeBXFmSrar',#8714,'dp_VH_3',$,$,#8713,#8749,$,.USERDEFINED.)
2024-03-27 17:03:53 Element without type: #7392=IfcSensor('0EiYGRi1nCs8PE0FQJE5bW',#12000,'senT_VH_5',$,$,#11999,#12035,$,.TEMPERATURESENSOR.)
2024-03-27 17:03:53 Element without type: #7392=IfcSensor('0EiYGRi1nCs8PE0FQJE5bW',#12000,'senT_VH_5',$,$,#11999,#12035,$,.TEMPERATURESENSOR.)
2024-03-27 17:03:53 Element without type: #7438=IfcValve('04ct5TtJXD0u02pkLk$oTU',#13791,'twv_VH',$,$,#13790,#13826,$,.MIXING.)
2024-03-27 17:03:53 Element without type: #7390=IfcSensor('3P1xY42ST5Af9LN86Dfs9j',#11922,'senT_VH_3',$,$,#11921,#11957,$,.TEMPERATURESENSOR.)
2024-03-27 17:03:53 Element without type: #7313=IfcPipeSegment('32byFgbWn6RwfaTR8Rn9sT',#8870,'dp_VH_7',$,$,#8869,#8905,$,.USERDEFINED.)
2024-03-27 17:03:53 Element without type: #7283=IfcValve('2Jn2Y2ftX7cBkqN0ca_C63',#7700,'cv_VH_1',$,$,#7699,#7735,$,.CHECK.)
2024-03-27 17:03:53 Element without type: #7307=IfcPipeSegment('392Lch4OL0gv9K$BhNsO$U',#8636,'dp_VH_1',$,$,#8635,#8671,$,.USERDEFINED.)
2024-03-27 17:03:53 Element without type: #7307=IfcPipeSegment('392Lch4OL0gv9K$BhNsO$U',#8636,'dp_VH_1',$,$,#8635,#8671,$,.USERDEFINED.)
2024-03-27 17:03:53 Element without type: #7388=IfcSensor('0dmlDPAqX4YgcwZnOWCYXj',#11844,'senT_VH_1',$,$,#11843,#11879,$,.TEMPERATURESENSOR.)
2024-03-27 17:03:53 Element without type: #7389=IfcSensor('28lCXK19n0gRnS4a01DdH9',#11883,'senT_VH_2',$,$,#11882,#11918,$,.TEMPERATURESENSOR.)
2024-03-27 17:03:53 Element without type: #7311=IfcPipeSegment('31uv1Y5i92MAcaEdo_Eibb',#8792,'dp_VH_5',$,$,#8791,#8827,$,.USERDEFINED.)
2024-03-27 17:03:53 Element without type: #7310=IfcPipeSegment('0gQ8Xgy81EuuuUejcOBCXV',#8753,'dp_VH_4',$,$,#8752,#8788,$,.USERDEFINED.)
2024-03-27 17:03:53 Element without type: #7311=IfcPipeSegment('31uv1Y5i92MAcaEdo_Eibb',#8792,'dp_VH_5',$,$,#8791,#8827,$,.USERDEFINED.)
2024-03-27 17:03:53 Element without type: #7311=IfcPipeSegment('31uv1Y5i92MAcaEdo_Eibb',#8792,'dp_VH_5',$,$,#8791,#8827,$,.USERDEFINED.)
2024-03-27 17:03:53 Element without type: #7443=IfcValve('3Q$VB7jnH3KOQHth$hULDv',#13986,'val_VH_5',$,$,#13985,#14021,$,.ISOLATING.)
2024-03-27 17:03:53 Port ohne Vaterelement: #7071=IfcDistributionPort('3qAbD4IyTEYvOGweSJOHVE',$,$,$,$,$,$,$,$,$)
2024-03-27 17:03:53 Element without type: #7443=IfcValve('3Q$VB7jnH3KOQHth$hULDv',#13986,'val_VH_5',$,$,#13985,#14021,$,.ISOLATING.)
2024-03-27 17:03:53 Element without type: #7443=IfcValve('3Q$VB7jnH3KOQHth$hULDv',#13986,'val_VH_5',$,$,#13985,#14021,$,.ISOLATING.)
2024-03-27 17:03:53 Element without type: #7395=IfcSensor('3WFtAYSxT3FOMExP3t6vky',#12117,'senT_VH_8',$,$,#12116,#12152,$,.TEMPERATURESENSOR.)
2024-03-27 17:03:53 Element without type: #7395=IfcSensor('3WFtAYSxT3FOMExP3t6vky',#12117,'senT_VH_8',$,$,#12116,#12152,$,.TEMPERATURESENSOR.)
2024-03-27 17:03:53 Element without type: #7312=IfcPipeSegment('1J6vfxTv1EaQfdrALwD4E9',#8831,'dp_VH_6',$,$,#8830,#8866,$,.USERDEFINED.)
2024-03-27 17:03:53 Element without type: #7395=IfcSensor('3WFtAYSxT3FOMExP3t6vky',#12117,'senT_VH_8',$,$,#12116,#12152,$,.TEMPERATURESENSOR.)
2024-03-27 17:03:53 Element without type: #7313=IfcPipeSegment('32byFgbWn6RwfaTR8Rn9sT',#8870,'dp_VH_7',$,$,#8869,#8905,$,.USERDEFINED.)
2024-03-27 17:03:53 Element without type: #7390=IfcSensor('3P1xY42ST5Af9LN86Dfs9j',#11922,'senT_VH_3',$,$,#11921,#11957,$,.TEMPERATURESENSOR.)
2024-03-27 17:03:53 Element without type: #7394=IfcSensor('2opULiXMr3WOuYytw_hq7c',#12078,'senT_VH_7',$,$,#12077,#12113,$,.TEMPERATURESENSOR.)
2024-03-27 17:03:53 Element without type: #7284=IfcValve('2rP0LkdjX9I8kdGHCUB7PZ',#7739,'cv_VH_3',$,$,#7738,#7774,$,.CHECK.)
2024-03-27 17:03:53 Element without type: #7358=IfcPipeFitting('2frq8DgrT6GhEN1LZdRmZY',#10635,'jun_VS_5_H',$,$,#10634,#10670,$,.JUNCTION.)
2024-03-27 17:03:53 Element without type: #7356=IfcPipeFitting('3_w3FTOhn2x99ozUXT27Xd',#10557,'jun_VS_19',$,$,#10556,#10592,$,.JUNCTION.)
2024-03-27 17:03:53 Element without type: #7283=IfcValve('2Jn2Y2ftX7cBkqN0ca_C63',#7700,'cv_VH_1',$,$,#7699,#7735,$,.CHECK.)
2024-03-27 17:03:53 Port ohne Vaterelement: #7274=IfcDistributionPort('14OLcin7bB9PNkrkiQQbdc',$,$,$,$,$,$,$,$,$)
2024-03-27 17:03:53 Element without type: #7364=IfcPump('16GyTCiLv0$9A1jTHg4Hk1',#10878,'pum_VH',$,$,#10877,#10918,$,.CIRCULATOR.)
2024-03-27 17:03:53 Port ohne Vaterelement: #7274=IfcDistributionPort('14OLcin7bB9PNkrkiQQbdc',$,$,$,$,$,$,$,$,$)
2024-03-27 17:03:53 Port ohne Vaterelement: #7031=IfcDistributionPort('2MmGWz9Mf2qQfXEUgk0GIC',$,$,$,$,$,$,$,$,$)
2024-03-27 17:03:53 Element without type: #7365=IfcPump('3oaZfCJj1CIfWzJGIQ5EqU',#10922,'pum_VK',$,$,#10921,#10962,$,.CIRCULATOR.)
2024-03-27 17:03:53 Element without type: #7397=IfcSensor('2mAQag6jfCXAqORwPzjAB_',#12195,'senT_VK_2',$,$,#12194,#12230,$,.TEMPERATURESENSOR.)
2024-03-27 17:03:53 Port ohne Vaterelement: #7064=IfcDistributionPort('3h38P40j19XOqf_aeC9mh8',$,$,$,$,$,$,$,$,$)
2024-03-27 17:03:53 Element without type: #7439=IfcValve('3p4P46tU5CqxPVT6Cff3MH',#13830,'twv_VK',$,$,#13829,#13865,$,.MIXING.)
2024-03-27 17:03:53 Element without type: #7439=IfcValve('3p4P46tU5CqxPVT6Cff3MH',#13830,'twv_VK',$,$,#13829,#13865,$,.MIXING.)
2024-03-27 17:03:53 Element without type: #7315=IfcPipeSegment('0XW3ObwabFfBW_aBms_TFy',#8948,'dp_VK_2',$,$,#8947,#8983,$,.USERDEFINED.)
2024-03-27 17:03:53 Element without type: #7315=IfcPipeSegment('0XW3ObwabFfBW_aBms_TFy',#8948,'dp_VK_2',$,$,#8947,#8983,$,.USERDEFINED.)
2024-03-27 17:03:53 Element without type: #7365=IfcPump('3oaZfCJj1CIfWzJGIQ5EqU',#10922,'pum_VK',$,$,#10921,#10962,$,.CIRCULATOR.)
2024-03-27 17:03:53 Element without type: #7396=IfcSensor('2Fx8oXj$b7H9jYhl0KZcBb',#12156,'senT_VK_1',$,$,#12155,#12191,$,.TEMPERATURESENSOR.)
2024-03-27 17:03:53 Element without type: #7439=IfcValve('3p4P46tU5CqxPVT6Cff3MH',#13830,'twv_VK',$,$,#13829,#13865,$,.MIXING.)
2024-03-27 17:03:53 Port ohne Vaterelement: #7195=IfcDistributionPort('10qbQc025F_Q0n_kk5co4z',$,$,$,$,$,$,$,$,$)
2024-03-27 17:03:53 Element without type: #7397=IfcSensor('2mAQag6jfCXAqORwPzjAB_',#12195,'senT_VK_2',$,$,#12194,#12230,$,.TEMPERATURESENSOR.)
2024-03-27 17:03:53 Element without type: #7317=IfcPipeSegment('0dEAOyiGD29uIpa1zzPH5U',#9026,'dp_VK_4',$,$,#9025,#9061,$,.USERDEFINED.)
2024-03-27 17:03:53 Element without type: #7399=IfcSensor('238HcS5hnClRAiFVVCOnOJ',#12273,'senT_VK_4',$,$,#12272,#12308,$,.TEMPERATURESENSOR.)
2024-03-27 17:03:53 Element without type: #7399=IfcSensor('238HcS5hnClRAiFVVCOnOJ',#12273,'senT_VK_4',$,$,#12272,#12308,$,.TEMPERATURESENSOR.)
2024-03-27 17:03:53 Element without type: #7427=IfcSensor('0CeegqheT0gvRtuhnEE_fC',#13365,'senh_VK',$,$,#13364,#13400,$,.FLOWSENSOR.)
2024-03-27 17:03:53 Element without type: #7427=IfcSensor('0CeegqheT0gvRtuhnEE_fC',#13365,'senh_VK',$,$,#13364,#13400,$,.FLOWSENSOR.)
2024-03-27 17:03:53 Port ohne Vaterelement: #7032=IfcDistributionPort('1MHqOmptf9w9pJEVFOdqSw',$,$,$,$,$,$,$,$,$)
2024-03-27 17:03:53 Port ohne Vaterelement: #7033=IfcDistributionPort('1bFn4afyX1Q8sG6NXxWKSJ',$,$,$,$,$,$,$,$,$)
2024-03-27 17:03:53 Element without type: #7431=IfcSensor('3EvgQZKLP6TuNefLGkuCXi',#13521,'senq_VK',$,$,#13520,#13556,$,.HEATSENSOR.)
2024-03-27 17:03:53 Element without type: #7431=IfcSensor('3EvgQZKLP6TuNefLGkuCXi',#13521,'senq_VK',$,$,#13520,#13556,$,.HEATSENSOR.)
2024-03-27 17:03:53 Element without type: #7401=IfcSensor('1Z_rIXAEvEORJam8zQi9eC',#12351,'senT_VK_6',$,$,#12350,#12386,$,.TEMPERATURESENSOR.)
2024-03-27 17:03:53 Element without type: #7401=IfcSensor('1Z_rIXAEvEORJam8zQi9eC',#12351,'senT_VK_6',$,$,#12350,#12386,$,.TEMPERATURESENSOR.)
2024-03-27 17:03:53 Element without type: #7319=IfcPipeSegment('26RKzdoH57AfpJTIR_5lKE',#9104,'dp_VK_6',$,$,#9103,#9139,$,.USERDEFINED.)
2024-03-27 17:03:53 Element without type: #7286=IfcValve('0dLQqoeAPEFP$gsgeGbQmq',#7817,'cv_VK_3',$,$,#7816,#7852,$,.CHECK.)
2024-03-27 17:03:53 Element without type: #7316=IfcPipeSegment('0Il5Prskz5CQwzi5Hnwb4v',#8987,'dp_VK_3',$,$,#8986,#9022,$,.USERDEFINED.)
2024-03-27 17:03:53 Element without type: #7427=IfcSensor('0CeegqheT0gvRtuhnEE_fC',#13365,'senh_VK',$,$,#13364,#13400,$,.FLOWSENSOR.)
2024-03-27 17:03:53 Element without type: #7431=IfcSensor('3EvgQZKLP6TuNefLGkuCXi',#13521,'senq_VK',$,$,#13520,#13556,$,.HEATSENSOR.)
2024-03-27 17:03:53 Element without type: #7316=IfcPipeSegment('0Il5Prskz5CQwzi5Hnwb4v',#8987,'dp_VK_3',$,$,#8986,#9022,$,.USERDEFINED.)
2024-03-27 17:03:53 Element without type: #7400=IfcSensor('0186gqVDv5TfA8fI6a8mYJ',#12312,'senT_VK_5',$,$,#12311,#12347,$,.TEMPERATURESENSOR.)
2024-03-27 17:03:53 Element without type: #7400=IfcSensor('0186gqVDv5TfA8fI6a8mYJ',#12312,'senT_VK_5',$,$,#12311,#12347,$,.TEMPERATURESENSOR.)
2024-03-27 17:03:53 Element without type: #7439=IfcValve('3p4P46tU5CqxPVT6Cff3MH',#13830,'twv_VK',$,$,#13829,#13865,$,.MIXING.)
2024-03-27 17:03:53 Element without type: #7398=IfcSensor('0c3eL3XfD07Rb9IwWkVzdN',#12234,'senT_VK_3',$,$,#12233,#12269,$,.TEMPERATURESENSOR.)
2024-03-27 17:03:53 Element without type: #7320=IfcPipeSegment('0fyFtD9RHF2ufT1UrH6AxS',#9143,'dp_VK_7',$,$,#9142,#9178,$,.USERDEFINED.)
2024-03-27 17:03:53 Element without type: #7285=IfcValve('2mA8QEzknECeAS8ueoMo5n',#7778,'cv_VK_1',$,$,#7777,#7813,$,.CHECK.)
2024-03-27 17:03:53 Element without type: #7314=IfcPipeSegment('38ECHx5ZP1Jezn3yJEZ6mm',#8909,'dp_VK_1',$,$,#8908,#8944,$,.USERDEFINED.)
2024-03-27 17:03:53 Element without type: #7314=IfcPipeSegment('38ECHx5ZP1Jezn3yJEZ6mm',#8909,'dp_VK_1',$,$,#8908,#8944,$,.USERDEFINED.)
2024-03-27 17:03:53 Element without type: #7396=IfcSensor('2Fx8oXj$b7H9jYhl0KZcBb',#12156,'senT_VK_1',$,$,#12155,#12191,$,.TEMPERATURESENSOR.)
2024-03-27 17:03:53 Element without type: #7397=IfcSensor('2mAQag6jfCXAqORwPzjAB_',#12195,'senT_VK_2',$,$,#12194,#12230,$,.TEMPERATURESENSOR.)
2024-03-27 17:03:53 Element without type: #7318=IfcPipeSegment('0nnN$raX9CGhgSZpwWPNdX',#9065,'dp_VK_5',$,$,#9064,#9100,$,.USERDEFINED.)
2024-03-27 17:03:53 Element without type: #7317=IfcPipeSegment('0dEAOyiGD29uIpa1zzPH5U',#9026,'dp_VK_4',$,$,#9025,#9061,$,.USERDEFINED.)
2024-03-27 17:03:53 Element without type: #7318=IfcPipeSegment('0nnN$raX9CGhgSZpwWPNdX',#9065,'dp_VK_5',$,$,#9064,#9100,$,.USERDEFINED.)
2024-03-27 17:03:53 Element without type: #7318=IfcPipeSegment('0nnN$raX9CGhgSZpwWPNdX',#9065,'dp_VK_5',$,$,#9064,#9100,$,.USERDEFINED.)
2024-03-27 17:03:53 Element without type: #7444=IfcValve('3YRkkXWcrACQJdcDh4IIxH',#14025,'val_VK_5',$,$,#14024,#14060,$,.ISOLATING.)
2024-03-27 17:03:53 Port ohne Vaterelement: #7072=IfcDistributionPort('1bxMl8Qs57SvSCqzLkslsX',$,$,$,$,$,$,$,$,$)
2024-03-27 17:03:53 Element without type: #7444=IfcValve('3YRkkXWcrACQJdcDh4IIxH',#14025,'val_VK_5',$,$,#14024,#14060,$,.ISOLATING.)
2024-03-27 17:03:53 Element without type: #7444=IfcValve('3YRkkXWcrACQJdcDh4IIxH',#14025,'val_VK_5',$,$,#14024,#14060,$,.ISOLATING.)
2024-03-27 17:03:53 Element without type: #7403=IfcSensor('0VstNFnW503PaJgfTGFZ77',#12429,'senT_VK_8',$,$,#12428,#12464,$,.TEMPERATURESENSOR.)
2024-03-27 17:03:53 Element without type: #7403=IfcSensor('0VstNFnW503PaJgfTGFZ77',#12429,'senT_VK_8',$,$,#12428,#12464,$,.TEMPERATURESENSOR.)
2024-03-27 17:03:53 Element without type: #7319=IfcPipeSegment('26RKzdoH57AfpJTIR_5lKE',#9104,'dp_VK_6',$,$,#9103,#9139,$,.USERDEFINED.)
2024-03-27 17:03:53 Element without type: #7403=IfcSensor('0VstNFnW503PaJgfTGFZ77',#12429,'senT_VK_8',$,$,#12428,#12464,$,.TEMPERATURESENSOR.)
2024-03-27 17:03:53 Element without type: #7320=IfcPipeSegment('0fyFtD9RHF2ufT1UrH6AxS',#9143,'dp_VK_7',$,$,#9142,#9178,$,.USERDEFINED.)
2024-03-27 17:03:53 Element without type: #7286=IfcValve('0dLQqoeAPEFP$gsgeGbQmq',#7817,'cv_VK_3',$,$,#7816,#7852,$,.CHECK.)
2024-03-27 17:03:53 Element without type: #7358=IfcPipeFitting('2frq8DgrT6GhEN1LZdRmZY',#10635,'jun_VS_5_H',$,$,#10634,#10670,$,.JUNCTION.)
2024-03-27 17:03:53 Element without type: #7285=IfcValve('2mA8QEzknECeAS8ueoMo5n',#7778,'cv_VK_1',$,$,#7777,#7813,$,.CHECK.)
2024-03-27 17:03:53 Element without type: #7356=IfcPipeFitting('3_w3FTOhn2x99ozUXT27Xd',#10557,'jun_VS_19',$,$,#10556,#10592,$,.JUNCTION.)
2024-03-27 17:03:53 Element without type: #7398=IfcSensor('0c3eL3XfD07Rb9IwWkVzdN',#12234,'senT_VK_3',$,$,#12233,#12269,$,.TEMPERATURESENSOR.)
2024-03-27 17:03:53 Element without type: #7402=IfcSensor('0lAf_xAVz7S9v7Zt4vMA5d',#12390,'senT_VK_7',$,$,#12389,#12425,$,.TEMPERATURESENSOR.)
2024-03-27 17:03:53 Port ohne Vaterelement: #7275=IfcDistributionPort('1v8_i4nXDDExKeJnkmygXs',$,$,$,$,$,$,$,$,$)
2024-03-27 17:03:53 Port ohne Vaterelement: #7034=IfcDistributionPort('1pTZlToWvB6ghW5BZxQQJb',$,$,$,$,$,$,$,$,$)
2024-03-27 17:03:53 Port ohne Vaterelement: #7275=IfcDistributionPort('1v8_i4nXDDExKeJnkmygXs',$,$,$,$,$,$,$,$,$)
2024-03-27 17:03:53 Element without type: #7365=IfcPump('3oaZfCJj1CIfWzJGIQ5EqU',#10922,'pum_VK',$,$,#10921,#10962,$,.CIRCULATOR.)
2024-03-27 17:03:53 adding schematics to IFC
2024-03-27 17:03:53 writing file: c:/_DATEN/WORKSPACES/IntelliJ/MO-x-IFC/examples/SIM2BIM/B_HIL/hil_F_3D_2D.ifc
2024-03-27 17:03:55 finished succesfully
